2025-02-19 08:51:37,206 INFO o.a.j.u.JMeterUtils: Setting Locale to en_EN
2025-02-19 08:51:37,221 INFO o.a.j.JMeter: Loading user properties from: C:\Users\juand\Downloads\apache-jmeter-5.6.3\apache-jmeter-5.6.3\bin\user.properties
2025-02-19 08:51:37,222 INFO o.a.j.JMeter: Loading system properties from: C:\Users\juand\Downloads\apache-jmeter-5.6.3\apache-jmeter-5.6.3\bin\system.properties
2025-02-19 08:51:37,222 INFO o.a.j.JMeter: Setting JMeter property: threads=50
2025-02-19 08:51:37,222 INFO o.a.j.JMeter: Setting JMeter property: rampup=10
2025-02-19 08:51:37,222 INFO o.a.j.JMeter: Setting JMeter property: duration=120
2025-02-19 08:51:37,227 INFO o.a.j.JMeter: Copyright (c) 1998-2024 The Apache Software Foundation
2025-02-19 08:51:37,227 INFO o.a.j.JMeter: Version 5.6.3
2025-02-19 08:51:37,227 INFO o.a.j.JMeter: java.version=23.0.2
2025-02-19 08:51:37,227 INFO o.a.j.JMeter: java.vm.name=Java HotSpot(TM) 64-Bit Server VM
2025-02-19 08:51:37,227 INFO o.a.j.JMeter: os.name=Windows 11
2025-02-19 08:51:37,227 INFO o.a.j.JMeter: os.arch=amd64
2025-02-19 08:51:37,227 INFO o.a.j.JMeter: os.version=10.0
2025-02-19 08:51:37,227 INFO o.a.j.JMeter: file.encoding=UTF-8
2025-02-19 08:51:37,227 INFO o.a.j.JMeter: java.awt.headless=true
2025-02-19 08:51:37,227 INFO o.a.j.JMeter: Max memory     =1073741824
2025-02-19 08:51:37,227 INFO o.a.j.JMeter: Available Processors =12
2025-02-19 08:51:37,236 INFO o.a.j.JMeter: Default Locale=English (EN)
2025-02-19 08:51:37,236 INFO o.a.j.JMeter: JMeter  Locale=English (EN)
2025-02-19 08:51:37,236 INFO o.a.j.JMeter: JMeterHome=C:\Users\juand\Downloads\apache-jmeter-5.6.3\apache-jmeter-5.6.3
2025-02-19 08:51:37,236 INFO o.a.j.JMeter: user.dir  =C:\Users\juand\OneDrive\Escritorio\k8s-manifests
2025-02-19 08:51:37,237 INFO o.a.j.JMeter: PWD       =C:\Users\juand\OneDrive\Escritorio\k8s-manifests
2025-02-19 08:51:37,240 INFO o.a.j.JMeter: IP: 172.20.10.6 Name: CetiZip FullName: CetiZip
2025-02-19 08:51:37,250 INFO o.a.j.s.FileServer: Default base='C:\Users\juand\OneDrive\Escritorio\k8s-manifests'
2025-02-19 08:51:37,251 INFO o.a.j.s.FileServer: Set new base='C:\Users\juand\Downloads\apache-jmeter-5.6.3\apache-jmeter-5.6.3\bin'
2025-02-19 08:51:37,476 INFO o.a.j.s.SaveService: Testplan (JMX) version: 2.2. Testlog (JTL) version: 2.2
2025-02-19 08:51:37,507 INFO o.a.j.s.SaveService: Using SaveService properties version 5.0
2025-02-19 08:51:37,510 INFO o.a.j.s.SaveService: Using SaveService properties file encoding UTF-8
2025-02-19 08:51:37,514 INFO o.a.j.s.SaveService: Loading file: C:\Users\juand\Downloads\apache-jmeter-5.6.3\apache-jmeter-5.6.3\bin\View Results in Table.jmx
2025-02-19 08:51:37,575 INFO o.a.j.p.h.s.HTTPSamplerBase: Parser for text/html is org.apache.jmeter.protocol.http.parser.LagartoBasedHtmlParser
2025-02-19 08:51:37,575 INFO o.a.j.p.h.s.HTTPSamplerBase: Parser for application/xhtml+xml is org.apache.jmeter.protocol.http.parser.LagartoBasedHtmlParser
2025-02-19 08:51:37,575 INFO o.a.j.p.h.s.HTTPSamplerBase: Parser for application/xml is org.apache.jmeter.protocol.http.parser.LagartoBasedHtmlParser
2025-02-19 08:51:37,575 INFO o.a.j.p.h.s.HTTPSamplerBase: Parser for text/xml is org.apache.jmeter.protocol.http.parser.LagartoBasedHtmlParser
2025-02-19 08:51:37,575 INFO o.a.j.p.h.s.HTTPSamplerBase: Parser for text/vnd.wap.wml is org.apache.jmeter.protocol.http.parser.RegexpHTMLParser
2025-02-19 08:51:37,575 INFO o.a.j.p.h.s.HTTPSamplerBase: Parser for text/css is org.apache.jmeter.protocol.http.parser.CssParser
2025-02-19 08:51:37,603 INFO o.a.j.JMeter: Creating summariser <summary>
2025-02-19 08:51:37,621 INFO o.a.j.e.StandardJMeterEngine: Running the test!
2025-02-19 08:51:37,622 INFO o.a.j.s.SampleEvent: List of sample_variables: []
2025-02-19 08:51:37,622 INFO o.a.j.s.SampleEvent: List of sample_variables: []
2025-02-19 08:51:37,630 INFO o.a.j.e.u.CompoundVariable: Note: Function class names must contain the string: '.functions.'
2025-02-19 08:51:37,630 INFO o.a.j.e.u.CompoundVariable: Note: Function class names must not contain the string: '.gui.'
2025-02-19 08:51:37,707 INFO o.a.j.JMeter: Running test (1739973097707)
2025-02-19 08:51:37,723 INFO o.a.j.e.StandardJMeterEngine: Starting ThreadGroup: 1 : Thread Group
2025-02-19 08:51:37,723 INFO o.a.j.e.StandardJMeterEngine: Starting 200 threads for group Thread Group.
2025-02-19 08:51:37,723 INFO o.a.j.e.StandardJMeterEngine: Thread will continue on error
2025-02-19 08:51:37,723 INFO o.a.j.t.ThreadGroup: Starting thread group... number=1 threads=200 ramp-up=40 delayedStart=false
2025-02-19 08:51:37,741 INFO o.a.j.t.JMeterThread: Thread started: Thread Group 1-1
2025-02-19 08:51:37,750 INFO o.a.j.s.SampleResult: Note: Sample TimeStamps are START times
2025-02-19 08:51:37,750 INFO o.a.j.s.SampleResult: sampleresult.default.encoding is set to UTF-8
2025-02-19 08:51:37,751 INFO o.a.j.s.SampleResult: sampleresult.useNanoTime=true
2025-02-19 08:51:37,751 INFO o.a.j.s.SampleResult: sampleresult.nanoThreadSleep=5000
2025-02-19 08:51:37,787 INFO o.a.j.t.ThreadGroup: Started thread group number 1
2025-02-19 08:51:37,787 INFO o.a.j.e.StandardJMeterEngine: All thread groups have been started
2025-02-19 08:51:37,942 INFO o.a.j.t.JMeterThread: Thread started: Thread Group 1-2
2025-02-19 08:51:38,127 INFO o.a.j.t.JMeterThread: Thread started: Thread Group 1-3
2025-02-19 08:51:38,326 INFO o.a.j.t.JMeterThread: Thread started: Thread Group 1-4
2025-02-19 08:51:38,526 INFO o.a.j.t.JMeterThread: Thread started: Thread Group 1-5
2025-02-19 08:51:38,726 INFO o.a.j.t.JMeterThread: Thread started: Thread Group 1-6
2025-02-19 08:51:38,925 INFO o.a.j.t.JMeterThread: Thread started: Thread Group 1-7
2025-02-19 08:51:39,125 INFO o.a.j.t.JMeterThread: Thread started: Thread Group 1-8
2025-02-19 08:51:39,324 INFO o.a.j.t.JMeterThread: Thread started: Thread Group 1-9
2025-02-19 08:51:39,525 INFO o.a.j.t.JMeterThread: Thread started: Thread Group 1-10
2025-02-19 08:51:39,724 INFO o.a.j.t.JMeterThread: Thread started: Thread Group 1-11
2025-02-19 08:51:39,924 INFO o.a.j.t.JMeterThread: Thread started: Thread Group 1-12
2025-02-19 08:51:40,124 INFO o.a.j.t.JMeterThread: Thread started: Thread Group 1-13
2025-02-19 08:51:40,324 INFO o.a.j.t.JMeterThread: Thread started: Thread Group 1-14
2025-02-19 08:51:40,523 INFO o.a.j.t.JMeterThread: Thread started: Thread Group 1-15
2025-02-19 08:51:40,725 INFO o.a.j.t.JMeterThread: Thread started: Thread Group 1-16
2025-02-19 08:51:40,924 INFO o.a.j.t.JMeterThread: Thread started: Thread Group 1-17
2025-02-19 08:51:41,123 INFO o.a.j.t.JMeterThread: Thread started: Thread Group 1-18
2025-02-19 08:51:41,325 INFO o.a.j.t.JMeterThread: Thread started: Thread Group 1-19
2025-02-19 08:51:41,524 INFO o.a.j.t.JMeterThread: Thread started: Thread Group 1-20
2025-02-19 08:51:41,723 INFO o.a.j.t.JMeterThread: Thread started: Thread Group 1-21
2025-02-19 08:51:41,923 INFO o.a.j.t.JMeterThread: Thread started: Thread Group 1-22
2025-02-19 08:51:42,124 INFO o.a.j.t.JMeterThread: Thread started: Thread Group 1-23
2025-02-19 08:51:42,324 INFO o.a.j.t.JMeterThread: Thread started: Thread Group 1-24
2025-02-19 08:51:42,525 INFO o.a.j.t.JMeterThread: Thread started: Thread Group 1-25
2025-02-19 08:51:42,725 INFO o.a.j.t.JMeterThread: Thread started: Thread Group 1-26
2025-02-19 08:51:42,923 INFO o.a.j.t.JMeterThread: Thread started: Thread Group 1-27
2025-02-19 08:51:43,123 INFO o.a.j.t.JMeterThread: Thread started: Thread Group 1-28
2025-02-19 08:51:43,325 INFO o.a.j.t.JMeterThread: Thread started: Thread Group 1-29
2025-02-19 08:51:43,524 INFO o.a.j.t.JMeterThread: Thread started: Thread Group 1-30
2025-02-19 08:51:43,723 INFO o.a.j.t.JMeterThread: Thread started: Thread Group 1-31
2025-02-19 08:51:43,926 INFO o.a.j.t.JMeterThread: Thread started: Thread Group 1-32
2025-02-19 08:51:44,124 INFO o.a.j.t.JMeterThread: Thread started: Thread Group 1-33
2025-02-19 08:51:44,323 INFO o.a.j.t.JMeterThread: Thread started: Thread Group 1-34
2025-02-19 08:51:44,530 INFO o.a.j.t.JMeterThread: Thread started: Thread Group 1-35
2025-02-19 08:51:44,724 INFO o.a.j.t.JMeterThread: Thread started: Thread Group 1-36
2025-02-19 08:51:44,924 INFO o.a.j.t.JMeterThread: Thread started: Thread Group 1-37
2025-02-19 08:51:45,125 INFO o.a.j.t.JMeterThread: Thread started: Thread Group 1-38
2025-02-19 08:51:45,325 INFO o.a.j.t.JMeterThread: Thread started: Thread Group 1-39
2025-02-19 08:51:45,526 INFO o.a.j.t.JMeterThread: Thread started: Thread Group 1-40
2025-02-19 08:51:45,724 INFO o.a.j.t.JMeterThread: Thread started: Thread Group 1-41
2025-02-19 08:51:45,926 INFO o.a.j.t.JMeterThread: Thread started: Thread Group 1-42
2025-02-19 08:51:46,125 INFO o.a.j.t.JMeterThread: Thread started: Thread Group 1-43
2025-02-19 08:51:46,324 INFO o.a.j.t.JMeterThread: Thread started: Thread Group 1-44
2025-02-19 08:51:46,524 INFO o.a.j.t.JMeterThread: Thread started: Thread Group 1-45
2025-02-19 08:51:46,724 INFO o.a.j.t.JMeterThread: Thread started: Thread Group 1-46
2025-02-19 08:51:46,925 INFO o.a.j.t.JMeterThread: Thread started: Thread Group 1-47
2025-02-19 08:51:47,126 INFO o.a.j.t.JMeterThread: Thread started: Thread Group 1-48
2025-02-19 08:51:47,324 INFO o.a.j.t.JMeterThread: Thread started: Thread Group 1-49
2025-02-19 08:51:47,524 INFO o.a.j.t.JMeterThread: Thread started: Thread Group 1-50
2025-02-19 08:51:47,724 INFO o.a.j.t.JMeterThread: Thread started: Thread Group 1-51
2025-02-19 08:51:47,925 INFO o.a.j.t.JMeterThread: Thread started: Thread Group 1-52
2025-02-19 08:51:48,125 INFO o.a.j.t.JMeterThread: Thread started: Thread Group 1-53
2025-02-19 08:51:48,325 INFO o.a.j.t.JMeterThread: Thread started: Thread Group 1-54
2025-02-19 08:51:48,538 INFO o.a.j.t.JMeterThread: Thread started: Thread Group 1-55
2025-02-19 08:51:48,737 INFO o.a.j.t.JMeterThread: Thread started: Thread Group 1-56
2025-02-19 08:51:48,924 INFO o.a.j.t.JMeterThread: Thread started: Thread Group 1-57
2025-02-19 08:51:49,124 INFO o.a.j.t.JMeterThread: Thread started: Thread Group 1-58
2025-02-19 08:51:49,323 INFO o.a.j.t.JMeterThread: Thread started: Thread Group 1-59
2025-02-19 08:51:49,526 INFO o.a.j.t.JMeterThread: Thread started: Thread Group 1-60
2025-02-19 08:51:49,724 INFO o.a.j.t.JMeterThread: Thread started: Thread Group 1-61
2025-02-19 08:51:49,925 INFO o.a.j.t.JMeterThread: Thread started: Thread Group 1-62
2025-02-19 08:51:50,125 INFO o.a.j.t.JMeterThread: Thread started: Thread Group 1-63
2025-02-19 08:51:50,324 INFO o.a.j.t.JMeterThread: Thread started: Thread Group 1-64
2025-02-19 08:51:50,524 INFO o.a.j.t.JMeterThread: Thread started: Thread Group 1-65
2025-02-19 08:51:50,725 INFO o.a.j.t.JMeterThread: Thread started: Thread Group 1-66
2025-02-19 08:51:50,924 INFO o.a.j.t.JMeterThread: Thread started: Thread Group 1-67
2025-02-19 08:51:51,125 INFO o.a.j.t.JMeterThread: Thread started: Thread Group 1-68
2025-02-19 08:51:51,324 INFO o.a.j.t.JMeterThread: Thread started: Thread Group 1-69
2025-02-19 08:51:51,524 INFO o.a.j.t.JMeterThread: Thread started: Thread Group 1-70
2025-02-19 08:51:51,724 INFO o.a.j.t.JMeterThread: Thread started: Thread Group 1-71
2025-02-19 08:51:51,924 INFO o.a.j.t.JMeterThread: Thread started: Thread Group 1-72
2025-02-19 08:51:52,123 INFO o.a.j.t.JMeterThread: Thread started: Thread Group 1-73
2025-02-19 08:51:52,323 INFO o.a.j.t.JMeterThread: Thread started: Thread Group 1-74
2025-02-19 08:51:52,524 INFO o.a.j.t.JMeterThread: Thread started: Thread Group 1-75
2025-02-19 08:51:52,724 INFO o.a.j.t.JMeterThread: Thread started: Thread Group 1-76
2025-02-19 08:51:52,924 INFO o.a.j.t.JMeterThread: Thread started: Thread Group 1-77
2025-02-19 08:51:53,123 INFO o.a.j.t.JMeterThread: Thread started: Thread Group 1-78
2025-02-19 08:51:53,325 INFO o.a.j.t.JMeterThread: Thread started: Thread Group 1-79
2025-02-19 08:51:53,524 INFO o.a.j.t.JMeterThread: Thread started: Thread Group 1-80
2025-02-19 08:51:53,726 INFO o.a.j.t.JMeterThread: Thread started: Thread Group 1-81
2025-02-19 08:51:53,931 INFO o.a.j.t.JMeterThread: Thread started: Thread Group 1-82
2025-02-19 08:51:54,136 INFO o.a.j.t.JMeterThread: Thread started: Thread Group 1-83
2025-02-19 08:51:54,334 INFO o.a.j.t.JMeterThread: Thread started: Thread Group 1-84
2025-02-19 08:51:54,532 INFO o.a.j.t.JMeterThread: Thread started: Thread Group 1-85
2025-02-19 08:51:54,736 INFO o.a.j.t.JMeterThread: Thread started: Thread Group 1-86
2025-02-19 08:51:54,937 INFO o.a.j.t.JMeterThread: Thread started: Thread Group 1-87
2025-02-19 08:51:55,135 INFO o.a.j.t.JMeterThread: Thread started: Thread Group 1-88
2025-02-19 08:51:55,334 INFO o.a.j.t.JMeterThread: Thread started: Thread Group 1-89
2025-02-19 08:51:55,539 INFO o.a.j.t.JMeterThread: Thread started: Thread Group 1-90
2025-02-19 08:51:55,734 INFO o.a.j.t.JMeterThread: Thread started: Thread Group 1-91
2025-02-19 08:51:55,936 INFO o.a.j.t.JMeterThread: Thread started: Thread Group 1-92
2025-02-19 08:51:56,127 INFO o.a.j.t.JMeterThread: Thread started: Thread Group 1-93
2025-02-19 08:51:56,331 INFO o.a.j.t.JMeterThread: Thread started: Thread Group 1-94
2025-02-19 08:51:56,529 INFO o.a.j.t.JMeterThread: Thread started: Thread Group 1-95
2025-02-19 08:51:56,736 INFO o.a.j.t.JMeterThread: Thread started: Thread Group 1-96
2025-02-19 08:51:56,931 INFO o.a.j.t.JMeterThread: Thread started: Thread Group 1-97
2025-02-19 08:51:57,124 INFO o.a.j.t.JMeterThread: Thread started: Thread Group 1-98
2025-02-19 08:51:57,331 INFO o.a.j.t.JMeterThread: Thread started: Thread Group 1-99
2025-02-19 08:51:57,528 INFO o.a.j.t.JMeterThread: Thread started: Thread Group 1-100
2025-02-19 08:51:57,727 INFO o.a.j.t.JMeterThread: Thread started: Thread Group 1-101
2025-02-19 08:51:57,933 INFO o.a.j.t.JMeterThread: Thread started: Thread Group 1-102
2025-02-19 08:51:58,135 INFO o.a.j.t.JMeterThread: Thread started: Thread Group 1-103
2025-02-19 08:51:58,331 INFO o.a.j.t.JMeterThread: Thread started: Thread Group 1-104
2025-02-19 08:51:58,533 INFO o.a.j.t.JMeterThread: Thread started: Thread Group 1-105
2025-02-19 08:51:58,737 INFO o.a.j.t.JMeterThread: Thread started: Thread Group 1-106
2025-02-19 08:51:58,937 INFO o.a.j.t.JMeterThread: Thread started: Thread Group 1-107
2025-02-19 08:51:59,127 INFO o.a.j.t.JMeterThread: Thread started: Thread Group 1-108
2025-02-19 08:51:59,330 INFO o.a.j.t.JMeterThread: Thread started: Thread Group 1-109
2025-02-19 08:51:59,531 INFO o.a.j.t.JMeterThread: Thread started: Thread Group 1-110
2025-02-19 08:51:59,729 INFO o.a.j.t.JMeterThread: Thread started: Thread Group 1-111
2025-02-19 08:51:59,933 INFO o.a.j.t.JMeterThread: Thread started: Thread Group 1-112
2025-02-19 08:52:00,008 INFO o.a.j.r.Summariser: summary + 863753 in 00:00:22 = 38745.5/s Avg:     0 Min:     0 Max:     0 Err: 863753 (100.00%) Active: 112 Started: 112 Finished: 0
2025-02-19 08:52:00,134 INFO o.a.j.t.JMeterThread: Thread started: Thread Group 1-113
2025-02-19 08:52:00,350 INFO o.a.j.t.JMeterThread: Thread started: Thread Group 1-114
2025-02-19 08:52:00,537 INFO o.a.j.t.JMeterThread: Thread started: Thread Group 1-115
2025-02-19 08:52:00,737 INFO o.a.j.t.JMeterThread: Thread started: Thread Group 1-116
2025-02-19 08:52:00,925 INFO o.a.j.t.JMeterThread: Thread started: Thread Group 1-117
2025-02-19 08:52:01,125 INFO o.a.j.t.JMeterThread: Thread started: Thread Group 1-118
2025-02-19 08:52:01,324 INFO o.a.j.t.JMeterThread: Thread started: Thread Group 1-119
2025-02-19 08:52:01,523 INFO o.a.j.t.JMeterThread: Thread started: Thread Group 1-120
2025-02-19 08:52:01,723 INFO o.a.j.t.JMeterThread: Thread started: Thread Group 1-121
2025-02-19 08:52:01,923 INFO o.a.j.t.JMeterThread: Thread started: Thread Group 1-122
2025-02-19 08:52:02,123 INFO o.a.j.t.JMeterThread: Thread started: Thread Group 1-123
2025-02-19 08:52:02,324 INFO o.a.j.t.JMeterThread: Thread started: Thread Group 1-124
2025-02-19 08:52:02,523 INFO o.a.j.t.JMeterThread: Thread started: Thread Group 1-125
2025-02-19 08:52:02,725 INFO o.a.j.t.JMeterThread: Thread started: Thread Group 1-126
2025-02-19 08:52:02,923 INFO o.a.j.t.JMeterThread: Thread started: Thread Group 1-127
2025-02-19 08:52:03,124 INFO o.a.j.t.JMeterThread: Thread started: Thread Group 1-128
2025-02-19 08:52:03,324 INFO o.a.j.t.JMeterThread: Thread started: Thread Group 1-129
2025-02-19 08:52:03,524 INFO o.a.j.t.JMeterThread: Thread started: Thread Group 1-130
2025-02-19 08:52:03,724 INFO o.a.j.t.JMeterThread: Thread started: Thread Group 1-131
2025-02-19 08:52:03,929 INFO o.a.j.t.JMeterThread: Thread started: Thread Group 1-132
2025-02-19 08:52:04,123 INFO o.a.j.t.JMeterThread: Thread started: Thread Group 1-133
2025-02-19 08:52:04,325 INFO o.a.j.t.JMeterThread: Thread started: Thread Group 1-134
2025-02-19 08:52:04,525 INFO o.a.j.t.JMeterThread: Thread started: Thread Group 1-135
2025-02-19 08:52:04,724 INFO o.a.j.t.JMeterThread: Thread started: Thread Group 1-136
2025-02-19 08:52:04,924 INFO o.a.j.t.JMeterThread: Thread started: Thread Group 1-137
2025-02-19 08:52:05,124 INFO o.a.j.t.JMeterThread: Thread started: Thread Group 1-138
2025-02-19 08:52:05,325 INFO o.a.j.t.JMeterThread: Thread started: Thread Group 1-139
2025-02-19 08:52:05,525 INFO o.a.j.t.JMeterThread: Thread started: Thread Group 1-140
2025-02-19 08:52:05,724 INFO o.a.j.t.JMeterThread: Thread started: Thread Group 1-141
2025-02-19 08:52:05,924 INFO o.a.j.t.JMeterThread: Thread started: Thread Group 1-142
2025-02-19 08:52:06,124 INFO o.a.j.t.JMeterThread: Thread started: Thread Group 1-143
2025-02-19 08:52:06,324 INFO o.a.j.t.JMeterThread: Thread started: Thread Group 1-144
2025-02-19 08:52:06,524 INFO o.a.j.t.JMeterThread: Thread started: Thread Group 1-145
2025-02-19 08:52:06,724 INFO o.a.j.t.JMeterThread: Thread started: Thread Group 1-146
2025-02-19 08:52:06,925 INFO o.a.j.t.JMeterThread: Thread started: Thread Group 1-147
2025-02-19 08:52:07,126 INFO o.a.j.t.JMeterThread: Thread started: Thread Group 1-148
2025-02-19 08:52:07,325 INFO o.a.j.t.JMeterThread: Thread started: Thread Group 1-149
2025-02-19 08:52:07,524 INFO o.a.j.t.JMeterThread: Thread started: Thread Group 1-150
2025-02-19 08:52:07,724 INFO o.a.j.t.JMeterThread: Thread started: Thread Group 1-151
2025-02-19 08:52:07,924 INFO o.a.j.t.JMeterThread: Thread started: Thread Group 1-152
2025-02-19 08:52:08,123 INFO o.a.j.t.JMeterThread: Thread started: Thread Group 1-153
2025-02-19 08:52:08,323 INFO o.a.j.t.JMeterThread: Thread started: Thread Group 1-154
2025-02-19 08:52:08,524 INFO o.a.j.t.JMeterThread: Thread started: Thread Group 1-155
2025-02-19 08:52:08,725 INFO o.a.j.t.JMeterThread: Thread started: Thread Group 1-156
2025-02-19 08:52:08,924 INFO o.a.j.t.JMeterThread: Thread started: Thread Group 1-157
2025-02-19 08:52:09,124 INFO o.a.j.t.JMeterThread: Thread started: Thread Group 1-158
2025-02-19 08:52:09,324 INFO o.a.j.t.JMeterThread: Thread started: Thread Group 1-159
2025-02-19 08:52:09,524 INFO o.a.j.t.JMeterThread: Thread started: Thread Group 1-160
2025-02-19 08:52:09,724 INFO o.a.j.t.JMeterThread: Thread started: Thread Group 1-161
2025-02-19 08:52:09,923 INFO o.a.j.t.JMeterThread: Thread started: Thread Group 1-162
2025-02-19 08:52:10,124 INFO o.a.j.t.JMeterThread: Thread started: Thread Group 1-163
2025-02-19 08:52:10,325 INFO o.a.j.t.JMeterThread: Thread started: Thread Group 1-164
2025-02-19 08:52:10,523 INFO o.a.j.t.JMeterThread: Thread started: Thread Group 1-165
2025-02-19 08:52:10,723 INFO o.a.j.t.JMeterThread: Thread started: Thread Group 1-166
2025-02-19 08:52:10,923 INFO o.a.j.t.JMeterThread: Thread started: Thread Group 1-167
2025-02-19 08:52:11,124 INFO o.a.j.t.JMeterThread: Thread started: Thread Group 1-168
2025-02-19 08:52:11,323 INFO o.a.j.t.JMeterThread: Thread started: Thread Group 1-169
2025-02-19 08:52:11,527 INFO o.a.j.t.JMeterThread: Thread started: Thread Group 1-170
2025-02-19 08:52:11,725 INFO o.a.j.t.JMeterThread: Thread started: Thread Group 1-171
2025-02-19 08:52:11,925 INFO o.a.j.t.JMeterThread: Thread started: Thread Group 1-172
2025-02-19 08:52:12,123 INFO o.a.j.t.JMeterThread: Thread started: Thread Group 1-173
2025-02-19 08:52:12,324 INFO o.a.j.t.JMeterThread: Thread started: Thread Group 1-174
2025-02-19 08:52:12,524 INFO o.a.j.t.JMeterThread: Thread started: Thread Group 1-175
2025-02-19 08:52:12,725 INFO o.a.j.t.JMeterThread: Thread started: Thread Group 1-176
2025-02-19 08:52:12,923 INFO o.a.j.t.JMeterThread: Thread started: Thread Group 1-177
2025-02-19 08:52:13,124 INFO o.a.j.t.JMeterThread: Thread started: Thread Group 1-178
2025-02-19 08:52:13,325 INFO o.a.j.t.JMeterThread: Thread started: Thread Group 1-179
2025-02-19 08:52:13,524 INFO o.a.j.t.JMeterThread: Thread started: Thread Group 1-180
2025-02-19 08:52:13,724 INFO o.a.j.t.JMeterThread: Thread started: Thread Group 1-181
2025-02-19 08:52:13,924 INFO o.a.j.t.JMeterThread: Thread started: Thread Group 1-182
2025-02-19 08:52:14,124 INFO o.a.j.t.JMeterThread: Thread started: Thread Group 1-183
2025-02-19 08:52:14,324 INFO o.a.j.t.JMeterThread: Thread started: Thread Group 1-184
2025-02-19 08:52:14,524 INFO o.a.j.t.JMeterThread: Thread started: Thread Group 1-185
2025-02-19 08:52:14,725 INFO o.a.j.t.JMeterThread: Thread started: Thread Group 1-186
2025-02-19 08:52:14,924 INFO o.a.j.t.JMeterThread: Thread started: Thread Group 1-187
2025-02-19 08:52:15,123 INFO o.a.j.t.JMeterThread: Thread started: Thread Group 1-188
2025-02-19 08:52:15,326 INFO o.a.j.t.JMeterThread: Thread started: Thread Group 1-189
2025-02-19 08:52:15,526 INFO o.a.j.t.JMeterThread: Thread started: Thread Group 1-190
2025-02-19 08:52:15,726 INFO o.a.j.t.JMeterThread: Thread started: Thread Group 1-191
2025-02-19 08:52:15,925 INFO o.a.j.t.JMeterThread: Thread started: Thread Group 1-192
2025-02-19 08:52:16,125 INFO o.a.j.t.JMeterThread: Thread started: Thread Group 1-193
2025-02-19 08:52:16,324 INFO o.a.j.t.JMeterThread: Thread started: Thread Group 1-194
2025-02-19 08:52:16,524 INFO o.a.j.t.JMeterThread: Thread started: Thread Group 1-195
2025-02-19 08:52:16,724 INFO o.a.j.t.JMeterThread: Thread started: Thread Group 1-196
2025-02-19 08:52:16,923 INFO o.a.j.t.JMeterThread: Thread started: Thread Group 1-197
2025-02-19 08:52:17,123 INFO o.a.j.t.JMeterThread: Thread started: Thread Group 1-198
2025-02-19 08:52:17,324 INFO o.a.j.t.JMeterThread: Thread started: Thread Group 1-199
2025-02-19 08:52:17,524 INFO o.a.j.t.JMeterThread: Thread started: Thread Group 1-200
2025-02-19 08:52:30,011 INFO o.a.j.r.Summariser: summary + 1219312 in 00:00:30 = 40631.5/s Avg:     0 Min:     0 Max:     0 Err: 1219312 (100.00%) Active: 200 Started: 200 Finished: 0
2025-02-19 08:52:30,018 INFO o.a.j.r.Summariser: summary = 2083065 in 00:00:52 = 39826.1/s Avg:     0 Min:     0 Max:     0 Err: 2083065 (100.00%)
2025-02-19 08:53:00,002 INFO o.a.j.r.Summariser: summary + 1119169 in 00:00:30 = 37318.1/s Avg:     0 Min:     0 Max:     0 Err: 1119169 (100.00%) Active: 200 Started: 200 Finished: 0
2025-02-19 08:53:00,030 INFO o.a.j.r.Summariser: summary = 3202234 in 00:01:22 = 38911.6/s Avg:     0 Min:     0 Max:     0 Err: 3202234 (100.00%)
2025-02-19 08:53:30,000 INFO o.a.j.r.Summariser: summary + 805888 in 00:00:30 = 26864.7/s Avg:     0 Min:     0 Max:     0 Err: 805888 (100.00%) Active: 200 Started: 200 Finished: 0
2025-02-19 08:53:30,024 INFO o.a.j.r.Summariser: summary = 4008122 in 00:01:52 = 35693.4/s Avg:     0 Min:     0 Max:     0 Err: 4008122 (100.00%)
2025-02-19 08:54:00,011 INFO o.a.j.r.Summariser: summary + 809584 in 00:00:30 = 26977.1/s Avg:     0 Min:     0 Max:     0 Err: 809584 (100.00%) Active: 200 Started: 200 Finished: 0
2025-02-19 08:54:00,033 INFO o.a.j.r.Summariser: summary = 4817706 in 00:02:22 = 33855.3/s Avg:     0 Min:     0 Max:     0 Err: 4817706 (100.00%)
2025-02-19 08:54:30,048 INFO o.a.j.r.Summariser: summary + 526634 in 00:00:30 = 17532.3/s Avg:     0 Min:     0 Max:     0 Err: 526634 (100.00%) Active: 200 Started: 200 Finished: 0
2025-02-19 08:54:30,086 INFO o.a.j.r.Summariser: summary = 5344340 in 00:02:52 = 31010.3/s Avg:     0 Min:     0 Max:     0 Err: 5344340 (100.00%)
2025-02-19 08:55:00,006 INFO o.a.j.r.Summariser: summary + 531634 in 00:00:30 = 17746.0/s Avg:     0 Min:     0 Max:     0 Err: 531634 (100.00%) Active: 200 Started: 200 Finished: 0
2025-02-19 08:55:00,006 INFO o.a.j.r.Summariser: summary = 5875974 in 00:03:22 = 29046.0/s Avg:     0 Min:     0 Max:     0 Err: 5875974 (100.00%)
2025-02-19 08:55:30,012 INFO o.a.j.r.Summariser: summary + 743728 in 00:00:30 = 24786.0/s Avg:     0 Min:     0 Max:     0 Err: 743728 (100.00%) Active: 200 Started: 200 Finished: 0
2025-02-19 08:55:30,013 INFO o.a.j.r.Summariser: summary = 6619702 in 00:03:52 = 28495.7/s Avg:     0 Min:     0 Max:     0 Err: 6619702 (100.00%)
2025-02-19 08:56:00,007 INFO o.a.j.r.Summariser: summary + 724391 in 00:00:30 = 24150.4/s Avg:     0 Min:     0 Max:     0 Err: 724391 (100.00%) Active: 200 Started: 200 Finished: 0
2025-02-19 08:56:00,007 INFO o.a.j.r.Summariser: summary = 7344093 in 00:04:22 = 27998.8/s Avg:     0 Min:     0 Max:     0 Err: 7344093 (100.00%)
2025-02-19 08:56:30,010 INFO o.a.j.r.Summariser: summary + 606418 in 00:00:30 = 20212.6/s Avg:     0 Min:     0 Max:     0 Err: 606418 (100.00%) Active: 200 Started: 200 Finished: 0
2025-02-19 08:56:30,012 INFO o.a.j.r.Summariser: summary = 7950511 in 00:04:52 = 27199.6/s Avg:     0 Min:     0 Max:     0 Err: 7950511 (100.00%)
2025-02-19 08:57:00,001 INFO o.a.j.r.Summariser: summary + 707706 in 00:00:30 = 23596.5/s Avg:     0 Min:     0 Max:     0 Err: 707706 (100.00%) Active: 200 Started: 200 Finished: 0
2025-02-19 08:57:00,023 INFO o.a.j.r.Summariser: summary = 8658217 in 00:05:22 = 26864.3/s Avg:     0 Min:     0 Max:     0 Err: 8658217 (100.00%)
2025-02-19 08:57:30,001 INFO o.a.j.r.Summariser: summary + 780109 in 00:00:30 = 26003.6/s Avg:     0 Min:     0 Max:     0 Err: 780109 (100.00%) Active: 200 Started: 200 Finished: 0
2025-02-19 08:57:30,001 INFO o.a.j.r.Summariser: summary = 9438326 in 00:05:52 = 26791.0/s Avg:     0 Min:     0 Max:     0 Err: 9438326 (100.00%)
2025-02-19 08:58:00,004 INFO o.a.j.r.Summariser: summary + 704239 in 00:00:30 = 23472.3/s Avg:     0 Min:     0 Max:     0 Err: 704239 (100.00%) Active: 200 Started: 200 Finished: 0
2025-02-19 08:58:00,005 INFO o.a.j.r.Summariser: summary = 10142565 in 00:06:22 = 26530.6/s Avg:     0 Min:     0 Max:     0 Err: 10142565 (100.00%)
2025-02-19 08:58:30,000 INFO o.a.j.r.Summariser: summary + 726509 in 00:00:30 = 24220.2/s Avg:     0 Min:     0 Max:     0 Err: 726509 (100.00%) Active: 200 Started: 200 Finished: 0
2025-02-19 08:58:30,002 INFO o.a.j.r.Summariser: summary = 10869074 in 00:06:52 = 26362.5/s Avg:     0 Min:     0 Max:     0 Err: 10869074 (100.00%)
2025-02-19 08:59:00,001 INFO o.a.j.r.Summariser: summary + 727488 in 00:00:30 = 24248.8/s Avg:     0 Min:     0 Max:     0 Err: 727488 (100.00%) Active: 200 Started: 200 Finished: 0
2025-02-19 08:59:00,001 INFO o.a.j.r.Summariser: summary = 11596562 in 00:07:22 = 26219.1/s Avg:     0 Min:     0 Max:     0 Err: 11596562 (100.00%)
2025-02-19 08:59:30,000 INFO o.a.j.r.Summariser: summary + 712774 in 00:00:30 = 23759.9/s Avg:     0 Min:     0 Max:     0 Err: 712774 (100.00%) Active: 200 Started: 200 Finished: 0
2025-02-19 08:59:30,002 INFO o.a.j.r.Summariser: summary = 12309336 in 00:07:52 = 26062.9/s Avg:     0 Min:     0 Max:     0 Err: 12309336 (100.00%)
2025-02-19 09:00:00,006 INFO o.a.j.r.Summariser: summary + 826622 in 00:00:30 = 27552.2/s Avg:     0 Min:     0 Max:     0 Err: 826622 (100.00%) Active: 200 Started: 200 Finished: 0
2025-02-19 09:00:00,006 INFO o.a.j.r.Summariser: summary = 13135958 in 00:08:22 = 26151.7/s Avg:     0 Min:     0 Max:     0 Err: 13135958 (100.00%)
2025-02-19 09:00:30,013 INFO o.a.j.r.Summariser: summary + 1190353 in 00:00:30 = 39669.2/s Avg:     0 Min:     0 Max:     0 Err: 1190353 (100.00%) Active: 200 Started: 200 Finished: 0
2025-02-19 09:00:30,014 INFO o.a.j.r.Summariser: summary = 14326311 in 00:08:52 = 26913.7/s Avg:     0 Min:     0 Max:     0 Err: 14326311 (100.00%)
2025-02-19 09:01:00,009 INFO o.a.j.r.Summariser: summary + 1303704 in 00:00:30 = 43465.5/s Avg:     0 Min:     0 Max:     0 Err: 1303704 (100.00%) Active: 200 Started: 200 Finished: 0
2025-02-19 09:01:00,009 INFO o.a.j.r.Summariser: summary = 15630015 in 00:09:22 = 27796.6/s Avg:     0 Min:     0 Max:     0 Err: 15630015 (100.00%)
2025-02-19 09:01:30,002 INFO o.a.j.r.Summariser: summary + 1190660 in 00:00:30 = 39695.3/s Avg:     0 Min:     0 Max:     0 Err: 1190660 (100.00%) Active: 200 Started: 200 Finished: 0
2025-02-19 09:01:30,002 INFO o.a.j.r.Summariser: summary = 16820675 in 00:09:52 = 28399.2/s Avg:     0 Min:     0 Max:     0 Err: 16820675 (100.00%)
2025-02-19 09:02:00,002 INFO o.a.j.r.Summariser: summary + 1358876 in 00:00:30 = 45295.9/s Avg:     0 Min:     0 Max:     0 Err: 1358876 (100.00%) Active: 200 Started: 200 Finished: 0
2025-02-19 09:02:00,002 INFO o.a.j.r.Summariser: summary = 18179551 in 00:10:22 = 29213.7/s Avg:     0 Min:     0 Max:     0 Err: 18179551 (100.00%)
2025-02-19 09:02:30,013 INFO o.a.j.r.Summariser: summary + 1330758 in 00:00:30 = 44343.8/s Avg:     0 Min:     0 Max:     0 Err: 1330758 (100.00%) Active: 200 Started: 200 Finished: 0
2025-02-19 09:02:30,013 INFO o.a.j.r.Summariser: summary = 19510309 in 00:10:52 = 29909.7/s Avg:     0 Min:     0 Max:     0 Err: 19510309 (100.00%)
2025-02-19 09:03:00,001 INFO o.a.j.r.Summariser: summary + 1274282 in 00:00:30 = 42493.1/s Avg:     0 Min:     0 Max:     0 Err: 1274282 (100.00%) Active: 200 Started: 200 Finished: 0
2025-02-19 09:03:00,001 INFO o.a.j.r.Summariser: summary = 20784591 in 00:11:22 = 30462.8/s Avg:     0 Min:     0 Max:     0 Err: 20784591 (100.00%)
2025-02-19 09:03:30,002 INFO o.a.j.r.Summariser: summary + 1203849 in 00:00:30 = 40127.0/s Avg:     0 Min:     0 Max:     0 Err: 1203849 (100.00%) Active: 200 Started: 200 Finished: 0
2025-02-19 09:03:30,002 INFO o.a.j.r.Summariser: summary = 21988440 in 00:11:52 = 30869.9/s Avg:     0 Min:     0 Max:     0 Err: 21988440 (100.00%)
2025-02-19 09:04:00,007 INFO o.a.j.r.Summariser: summary + 1254456 in 00:00:30 = 41808.2/s Avg:     0 Min:     0 Max:     0 Err: 1254456 (100.00%) Active: 200 Started: 200 Finished: 0
2025-02-19 09:04:00,008 INFO o.a.j.r.Summariser: summary = 23242896 in 00:12:22 = 31312.0/s Avg:     0 Min:     0 Max:     0 Err: 23242896 (100.00%)
2025-02-19 09:04:30,000 INFO o.a.j.r.Summariser: summary + 1213603 in 00:00:30 = 40462.9/s Avg:     0 Min:     0 Max:     0 Err: 1213603 (100.00%) Active: 200 Started: 200 Finished: 0
2025-02-19 09:04:30,000 INFO o.a.j.r.Summariser: summary = 24456499 in 00:12:52 = 31667.4/s Avg:     0 Min:     0 Max:     0 Err: 24456499 (100.00%)
2025-02-19 09:05:00,000 INFO o.a.j.r.Summariser: summary + 1290426 in 00:00:30 = 43014.2/s Avg:     0 Min:     0 Max:     0 Err: 1290426 (100.00%) Active: 200 Started: 200 Finished: 0
2025-02-19 09:05:00,001 INFO o.a.j.r.Summariser: summary = 25746925 in 00:13:22 = 32091.7/s Avg:     0 Min:     0 Max:     0 Err: 25746925 (100.00%)
2025-02-19 09:05:30,013 INFO o.a.j.r.Summariser: summary + 1014496 in 00:00:30 = 33801.9/s Avg:     0 Min:     0 Max:     0 Err: 1014496 (100.00%) Active: 200 Started: 200 Finished: 0
2025-02-19 09:05:30,013 INFO o.a.j.r.Summariser: summary = 26761421 in 00:13:52 = 32153.3/s Avg:     0 Min:     0 Max:     0 Err: 26761421 (100.00%)
2025-02-19 09:06:00,010 INFO o.a.j.r.Summariser: summary + 449835 in 00:00:30 = 14996.5/s Avg:     0 Min:     0 Max:     0 Err: 449835 (100.00%) Active: 200 Started: 200 Finished: 0
2025-02-19 09:06:00,010 INFO o.a.j.r.Summariser: summary = 27211256 in 00:14:22 = 31556.5/s Avg:     0 Min:     0 Max:     0 Err: 27211256 (100.00%)
2025-02-19 09:06:30,001 INFO o.a.j.r.Summariser: summary + 385702 in 00:00:30 = 12861.0/s Avg:     0 Min:     0 Max:     0 Err: 385702 (100.00%) Active: 200 Started: 200 Finished: 0
2025-02-19 09:06:30,001 INFO o.a.j.r.Summariser: summary = 27596958 in 00:14:52 = 30928.1/s Avg:     0 Min:     0 Max:     0 Err: 27596958 (100.00%)
2025-02-19 09:07:00,004 INFO o.a.j.r.Summariser: summary + 441344 in 00:00:30 = 14709.5/s Avg:     0 Min:     0 Max:     0 Err: 441344 (100.00%) Active: 200 Started: 200 Finished: 0
2025-02-19 09:07:00,004 INFO o.a.j.r.Summariser: summary = 28038302 in 00:15:22 = 30400.5/s Avg:     0 Min:     0 Max:     0 Err: 28038302 (100.00%)
2025-02-19 09:07:30,001 INFO o.a.j.r.Summariser: summary + 319787 in 00:00:30 = 10660.6/s Avg:     0 Min:     0 Max:     0 Err: 319787 (100.00%) Active: 200 Started: 200 Finished: 0
2025-02-19 09:07:30,001 INFO o.a.j.r.Summariser: summary = 28358089 in 00:15:52 = 29778.7/s Avg:     0 Min:     0 Max:     0 Err: 28358089 (100.00%)
2025-02-19 09:08:00,010 INFO o.a.j.r.Summariser: summary + 450652 in 00:00:30 = 15017.7/s Avg:     0 Min:     0 Max:     0 Err: 450652 (100.00%) Active: 200 Started: 200 Finished: 0
2025-02-19 09:08:00,012 INFO o.a.j.r.Summariser: summary = 28808741 in 00:16:22 = 29327.8/s Avg:     0 Min:     0 Max:     0 Err: 28808741 (100.00%)
2025-02-19 09:08:30,001 INFO o.a.j.r.Summariser: summary + 352064 in 00:00:30 = 11739.0/s Avg:     0 Min:     0 Max:     0 Err: 352064 (100.00%) Active: 200 Started: 200 Finished: 0
2025-02-19 09:08:30,002 INFO o.a.j.r.Summariser: summary = 29160805 in 00:16:52 = 28806.7/s Avg:     0 Min:     0 Max:     0 Err: 29160805 (100.00%)
2025-02-19 09:09:00,004 INFO o.a.j.r.Summariser: summary + 341341 in 00:00:30 = 11376.5/s Avg:     0 Min:     0 Max:     0 Err: 341341 (100.00%) Active: 200 Started: 200 Finished: 0
2025-02-19 09:09:00,004 INFO o.a.j.r.Summariser: summary = 29502146 in 00:17:22 = 28304.9/s Avg:     0 Min:     0 Max:     0 Err: 29502146 (100.00%)
2025-02-19 09:09:30,001 INFO o.a.j.r.Summariser: summary + 472345 in 00:00:30 = 15746.4/s Avg:     0 Min:     0 Max:     0 Err: 472345 (100.00%) Active: 200 Started: 200 Finished: 0
2025-02-19 09:09:30,002 INFO o.a.j.r.Summariser: summary = 29974491 in 00:17:52 = 27953.6/s Avg:     0 Min:     0 Max:     0 Err: 29974491 (100.00%)
2025-02-19 09:10:00,005 INFO o.a.j.r.Summariser: summary + 362604 in 00:00:30 = 12085.2/s Avg:     0 Min:     0 Max:     0 Err: 362604 (100.00%) Active: 200 Started: 200 Finished: 0
2025-02-19 09:10:00,005 INFO o.a.j.r.Summariser: summary = 30337095 in 00:18:22 = 27521.7/s Avg:     0 Min:     0 Max:     0 Err: 30337095 (100.00%)
